# JRE version: Java(TM) SE Runtime Environment (7.0_80-b15) (build 1.7.0_80-b15)
# Java VM: Java HotSpot(TM) 64-Bit Server VM (24.80-b11 mixed mode linux-amd64 compressed oops)
Heap
 PSYoungGen      total 1668608K, used 261619K [0x0000000783000000, 0x0000000800000000, 0x0000000800000000)
  eden space 1289216K, 0% used [0x0000000783000000,0x0000000783000000,0x00000007d1b00000)
  from space 379392K, 68% used [0x00000007d1b00000,0x00000007e1a7cd58,0x00000007e8d80000)
  to   space 379392K, 0% used [0x00000007e8d80000,0x00000007e8d80000,0x0000000800000000)
 ParOldGen       total 2176512K, used 2176130K [0x0000000689000000, 0x000000070dd80000, 0x0000000783000000)
  object space 2176512K, 99% used [0x0000000689000000,0x000000070dd20820,0x000000070dd80000)
 PSPermGen       total 21504K, used 13256K [0x0000000683e00000, 0x0000000685300000, 0x0000000689000000)
  object space 21504K, 61% used [0x0000000683e00000,0x0000000684af2190,0x0000000685300000)
GC Heap History (10 events):
Event: 280,644 GC heap after
Heap after GC invocations=59 (full 6):
 PSYoungGen      total 1606144K, used 404461K [0x0000000783000000, 0x0000000800000000, 0x0000000800000000)
  eden space 1289216K, 31% used [0x0000000783000000,0x000000079bafb740,0x00000007d1b00000)
  from space 316928K, 0% used [0x00000007eca80000,0x00000007eca80000,0x0000000800000000)
  to   space 379392K, 0% used [0x00000007d1b00000,0x00000007d1b00000,0x00000007e8d80000)
 ParOldGen       total 1323008K, used 1011195K [0x0000000689000000, 0x00000006d9c00000, 0x0000000783000000)
  object space 1323008K, 76% used [0x0000000689000000,0x00000006c6b7ed10,0x00000006d9c00000)
 PSPermGen       total 21504K, used 13255K [0x0000000683e00000, 0x0000000685300000, 0x0000000689000000)
  object space 21504K, 61% used [0x0000000683e00000,0x0000000684af1e20,0x0000000685300000)
}
Event: 287,059 GC heap before
{Heap before GC invocations=60 (full 6):
 PSYoungGen      total 1606144K, used 1289216K [0x0000000783000000, 0x0000000800000000, 0x0000000800000000)
  eden space 1289216K, 100% used [0x0000000783000000,0x00000007d1b00000,0x00000007d1b00000)
  from space 316928K, 0% used [0x00000007eca80000,0x00000007eca80000,0x0000000800000000)
  to   space 379392K, 0% used [0x00000007d1b00000,0x00000007d1b00000,0x00000007e8d80000)
 ParOldGen       total 1323008K, used 1011195K [0x0000000689000000, 0x00000006d9c00000, 0x0000000783000000)
  object space 1323008K, 76% used [0x0000000689000000,0x00000006c6b7ed10,0x00000006d9c00000)
 PSPermGen       total 21504K, used 13256K [0x0000000683e00000, 0x0000000685300000, 0x0000000689000000)
  object space 21504K, 61% used [0x0000000683e00000,0x0000000684af2008,0x0000000685300000)
Event: 288,157 GC heap after
Heap after GC invocations=60 (full 6):
 PSYoungGen      total 1606144K, used 1289216K [0x0000000783000000, 0x0000000800000000, 0x0000000800000000)
  eden space 1289216K, 100% used [0x0000000783000000,0x00000007d1b00000,0x00000007d1b00000)
  from space 316928K, 0% used [0x00000007eca80000,0x00000007eca80000,0x0000000800000000)
  to   space 379392K, 99% used [0x00000007d1b00000,0x00000007e8d788f0,0x00000007e8d80000)
 ParOldGen       total 1395200K, used 1394938K [0x0000000689000000, 0x00000006de280000, 0x0000000783000000)
  object space 1395200K, 99% used [0x0000000689000000,0x00000006de23e988,0x00000006de280000)
 PSPermGen       total 21504K, used 13256K [0x0000000683e00000, 0x0000000685300000, 0x0000000689000000)
  object space 21504K, 61% used [0x0000000683e00000,0x0000000684af2008,0x0000000685300000)
}
Event: 288,157 GC heap before
{Heap before GC invocations=61 (full 7):
 PSYoungGen      total 1606144K, used 1289216K [0x0000000783000000, 0x0000000800000000, 0x0000000800000000)
  eden space 1289216K, 100% used [0x0000000783000000,0x00000007d1b00000,0x00000007d1b00000)
  from space 316928K, 0% used [0x00000007eca80000,0x00000007eca80000,0x0000000800000000)
  to   space 379392K, 99% used [0x00000007d1b00000,0x00000007e8d788f0,0x00000007e8d80000)
 ParOldGen       total 1395200K, used 1394938K [0x0000000689000000, 0x00000006de280000, 0x0000000783000000)
  object space 1395200K, 99% used [0x0000000689000000,0x00000006de23e988,0x00000006de280000)
 PSPermGen       total 21504K, used 13256K [0x0000000683e00000, 0x0000000685300000, 0x0000000689000000)
  object space 21504K, 61% used [0x0000000683e00000,0x0000000684af2008,0x0000000685300000)
Event: 290,756 GC heap after
Heap after GC invocations=61 (full 7):
 PSYoungGen      total 1606144K, used 0K [0x0000000783000000, 0x0000000800000000, 0x0000000800000000)
  eden space 1289216K, 0% used [0x0000000783000000,0x0000000783000000,0x00000007d1b00000)
  from space 316928K, 0% used [0x00000007eca80000,0x00000007eca80000,0x0000000800000000)
  to   space 379392K, 96% used [0x00000007d1b00000,0x00000007e7fb5790,0x00000007e8d80000)
 ParOldGen       total 1756160K, used 1395090K [0x0000000689000000, 0x00000006f4300000, 0x0000000783000000)
  object space 1756160K, 79% used [0x0000000689000000,0x00000006de264ae0,0x00000006f4300000)
 PSPermGen       total 21504K, used 13256K [0x0000000683e00000, 0x0000000685300000, 0x0000000689000000)
  object space 21504K, 61% used [0x0000000683e00000,0x0000000684af2008,0x0000000685300000)
}
Event: 303,332 GC heap before
{Heap before GC invocations=62 (full 8):
 PSYoungGen      total 1606144K, used 1289216K [0x0000000783000000, 0x0000000800000000, 0x0000000800000000)
  eden space 1289216K, 100% used [0x0000000783000000,0x00000007d1b00000,0x00000007d1b00000)
  from space 316928K, 0% used [0x00000007eca80000,0x00000007eca80000,0x0000000800000000)
  to   space 379392K, 96% used [0x00000007d1b00000,0x00000007e7fb5790,0x00000007e8d80000)
 ParOldGen       total 1756160K, used 1395090K [0x0000000689000000, 0x00000006f4300000, 0x0000000783000000)
  object space 1756160K, 79% used [0x0000000689000000,0x00000006de264ae0,0x00000006f4300000)
 PSPermGen       total 21504K, used 13256K [0x0000000683e00000, 0x0000000685300000, 0x0000000689000000)
  object space 21504K, 61% used [0x0000000683e00000,0x0000000684af2008,0x0000000685300000)
Event: 305,937 GC heap after
Heap after GC invocations=62 (full 8):
 PSYoungGen      total 1606144K, used 391447K [0x0000000783000000, 0x0000000800000000, 0x0000000800000000)
  eden space 1289216K, 30% used [0x0000000783000000,0x000000079ae45c68,0x00000007d1b00000)
  from space 316928K, 0% used [0x00000007eca80000,0x00000007eca80000,0x0000000800000000)
  to   space 379392K, 0% used [0x00000007d1b00000,0x00000007d1b00000,0x00000007e8d80000)
 ParOldGen       total 2176512K, used 1756158K [0x0000000689000000, 0x000000070dd80000, 0x0000000783000000)
  object space 2176512K, 80% used [0x0000000689000000,0x00000006f42ff978,0x000000070dd80000)
 PSPermGen       total 21504K, used 13255K [0x0000000683e00000, 0x0000000685300000, 0x0000000689000000)
  object space 21504K, 61% used [0x0000000683e00000,0x0000000684af1fc8,0x0000000685300000)
}
Event: 313,111 GC heap before
{Heap before GC invocations=63 (full 8):
 PSYoungGen      total 1606144K, used 1289216K [0x0000000783000000, 0x0000000800000000, 0x0000000800000000)
  eden space 1289216K, 100% used [0x0000000783000000,0x00000007d1b00000,0x00000007d1b00000)
  from space 316928K, 0% used [0x00000007eca80000,0x00000007eca80000,0x0000000800000000)
  to   space 379392K, 0% used [0x00000007d1b00000,0x00000007d1b00000,0x00000007e8d80000)
 ParOldGen       total 2176512K, used 1756158K [0x0000000689000000, 0x000000070dd80000, 0x0000000783000000)
  object space 2176512K, 80% used [0x0000000689000000,0x00000006f42ff978,0x000000070dd80000)
 PSPermGen       total 21504K, used 13256K [0x0000000683e00000, 0x0000000685300000, 0x0000000689000000)
  object space 21504K, 61% used [0x0000000683e00000,0x0000000684af21d0,0x0000000685300000)
Event: 313,965 GC heap after
Heap after GC invocations=63 (full 8):
 PSYoungGen      total 1668608K, used 379384K [0x0000000783000000, 0x0000000800000000, 0x0000000800000000)
  eden space 1289216K, 0% used [0x0000000783000000,0x0000000783000000,0x00000007d1b00000)
  from space 379392K, 99% used [0x00000007d1b00000,0x00000007e8d7e310,0x00000007e8d80000)
  to   space 379392K, 0% used [0x00000007e8d80000,0x00000007e8d80000,0x0000000800000000)
 ParOldGen       total 2176512K, used 2070476K [0x0000000689000000, 0x000000070dd80000, 0x0000000783000000)
  object space 2176512K, 95% used [0x0000000689000000,0x00000007075f3170,0x000000070dd80000)
 PSPermGen       total 21504K, used 13256K [0x0000000683e00000, 0x0000000685300000, 0x0000000689000000)
  object space 21504K, 61% used [0x0000000683e00000,0x0000000684af21d0,0x0000000685300000)
}
Event: 313,965 GC heap before
{Heap before GC invocations=64 (full 9):
 PSYoungGen      total 1668608K, used 379384K [0x0000000783000000, 0x0000000800000000, 0x0000000800000000)
  eden space 1289216K, 0% used [0x0000000783000000,0x0000000783000000,0x00000007d1b00000)
  from space 379392K, 99% used [0x00000007d1b00000,0x00000007e8d7e310,0x00000007e8d80000)
  to   space 379392K, 0% used [0x00000007e8d80000,0x00000007e8d80000,0x0000000800000000)
 ParOldGen       total 2176512K, used 2070476K [0x0000000689000000, 0x000000070dd80000, 0x0000000783000000)
  object space 2176512K, 95% used [0x0000000689000000,0x00000007075f3170,0x000000070dd80000)
 PSPermGen       total 21504K, used 13256K [0x0000000683e00000, 0x0000000685300000, 0x0000000689000000)
  object space 21504K, 61% used [0x0000000683e00000,0x0000000684af21d0,0x0000000685300000)

